{"/Users/it043155/workspace-agid/italia-pagopa-api-master/App.ts": {"path":"/Users/it043155/workspace-agid/italia-pagopa-api-master/App.ts","statementMap":{"0":{"start":{"line":1,"column":0},"end":{"line":1,"column":41}},"1":{"start":{"line":2,"column":0},"end":{"line":2,"column":34}},"2":{"start":{"line":4,"column":0},"end":{"line":4,"column":28}},"3":{"start":{"line":5,"column":0},"end":{"line":5,"column":40}},"4":{"start":{"line":6,"column":0},"end":{"line":6,"column":42}},"5":{"start":{"line":7,"column":0},"end":{"line":7,"column":52}},"6":{"start":{"line":11,"column":2},"end":{"line":11,"column":49}},"7":{"start":{"line":12,"column":14},"end":{"line":12,"column":23}},"8":{"start":{"line":13,"column":2},"end":{"line":13,"column":25}},"9":{"start":{"line":14,"column":2},"end":{"line":14,"column":23}},"10":{"start":{"line":15,"column":17},"end":{"line":15,"column":39}},"11":{"start":{"line":16,"column":2},"end":{"line":16,"column":40}},"12":{"start":{"line":17,"column":2},"end":{"line":17,"column":30}},"13":{"start":{"line":18,"column":2},"end":{"line":18,"column":16}},"14":{"start":{"line":10,"column":0},"end":{"line":19,"column":1}},"15":{"start":{"line":21,"column":2},"end":{"line":21,"column":50}},"16":{"start":{"line":22,"column":2},"end":{"line":22,"column":17}},"17":{"start":{"line":20,"column":0},"end":{"line":23,"column":1}},"18":{"start":{"line":26,"column":0},"end":{"line":28,"column":4}},"19":{"start":{"line":27,"column":6},"end":{"line":27,"column":51}},"20":{"start":{"line":25,"column":0},"end":{"line":29,"column":1}},"21":{"start":{"line":32,"column":4},"end":{"line":32,"column":44}},"22":{"start":{"line":33,"column":4},"end":{"line":33,"column":31}},"23":{"start":{"line":34,"column":4},"end":{"line":34,"column":56}},"24":{"start":{"line":31,"column":2},"end":{"line":35,"column":3}},"25":{"start":{"line":38,"column":4},"end":{"line":42,"column":6}},"26":{"start":{"line":43,"column":4},"end":{"line":43,"column":20}},"27":{"start":{"line":37,"column":2},"end":{"line":44,"column":3}}},"fnMap":{"0":{"name":"startApp","decl":{"start":{"line":10,"column":0},"end":{"line":null,"column":-1}},"loc":{"start":{"line":10,"column":0},"end":{"line":19,"column":1}}},"1":{"name":"stopServer","decl":{"start":{"line":20,"column":0},"end":{"line":20,"column":26}},"loc":{"start":{"line":20,"column":46},"end":{"line":23,"column":1}}},"2":{"name":"setServerRoutes","decl":{"start":{"line":25,"column":0},"end":{"line":25,"column":31}},"loc":{"start":{"line":25,"column":49},"end":{"line":29,"column":1}}},"3":{"name":"(anonymous_3)","decl":{"start":{"line":26,"column":57},"end":{"line":26,"column":58}},"loc":{"start":{"line":26,"column":82},"end":{"line":28,"column":3}}},"4":{"name":"setGlobalSettings","decl":{"start":{"line":31,"column":2},"end":{"line":31,"column":35}},"loc":{"start":{"line":31,"column":53},"end":{"line":35,"column":3}}},"5":{"name":"onError","decl":{"start":{"line":37,"column":2},"end":{"line":37,"column":25}},"loc":{"start":{"line":37,"column":54},"end":{"line":44,"column":3}}}},"branchMap":{},"s":{"0":1,"1":1,"2":1,"3":1,"4":1,"5":1,"6":1,"7":1,"8":1,"9":1,"10":1,"11":1,"12":1,"13":1,"14":1,"15":1,"16":1,"17":1,"18":1,"19":0,"20":1,"21":1,"22":1,"23":1,"24":1,"25":0,"26":0,"27":1},"f":{"0":1,"1":1,"2":1,"3":0,"4":1,"5":0},"b":{}}
,"/Users/it043155/workspace-agid/italia-pagopa-api-master/Configuration.ts": {"path":"/Users/it043155/workspace-agid/italia-pagopa-api-master/Configuration.ts","statementMap":{"0":{"start":{"line":7,"column":13},"end":{"line":25,"column":2}}},"fnMap":{},"branchMap":{},"s":{"0":1},"f":{},"b":{}}
,"/Users/it043155/workspace-agid/italia-pagopa-api-master/MockedProxyAPIApp.ts": {"path":"/Users/it043155/workspace-agid/italia-pagopa-api-master/MockedProxyAPIApp.ts","statementMap":{"0":{"start":{"line":1,"column":0},"end":{"line":1,"column":41}},"1":{"start":{"line":2,"column":0},"end":{"line":2,"column":34}},"2":{"start":{"line":4,"column":0},"end":{"line":4,"column":28}},"3":{"start":{"line":5,"column":0},"end":{"line":5,"column":40}},"4":{"start":{"line":6,"column":0},"end":{"line":6,"column":57}},"5":{"start":{"line":7,"column":0},"end":{"line":7,"column":42}},"6":{"start":{"line":11,"column":2},"end":{"line":11,"column":49}},"7":{"start":{"line":12,"column":14},"end":{"line":12,"column":23}},"8":{"start":{"line":13,"column":2},"end":{"line":13,"column":25}},"9":{"start":{"line":14,"column":2},"end":{"line":14,"column":23}},"10":{"start":{"line":15,"column":17},"end":{"line":15,"column":39}},"11":{"start":{"line":16,"column":2},"end":{"line":16,"column":36}},"12":{"start":{"line":17,"column":2},"end":{"line":17,"column":30}},"13":{"start":{"line":18,"column":2},"end":{"line":18,"column":16}},"14":{"start":{"line":10,"column":0},"end":{"line":19,"column":1}},"15":{"start":{"line":21,"column":2},"end":{"line":21,"column":50}},"16":{"start":{"line":22,"column":2},"end":{"line":22,"column":17}},"17":{"start":{"line":20,"column":0},"end":{"line":23,"column":1}},"18":{"start":{"line":26,"column":0},"end":{"line":44,"column":7}},"19":{"start":{"line":27,"column":6},"end":{"line":43,"column":7}},"20":{"start":{"line":31,"column":8},"end":{"line":35,"column":12}},"21":{"start":{"line":37,"column":8},"end":{"line":37,"column":32}},"22":{"start":{"line":38,"column":8},"end":{"line":42,"column":12}},"23":{"start":{"line":25,"column":0},"end":{"line":45,"column":3}},"24":{"start":{"line":48,"column":4},"end":{"line":48,"column":40}},"25":{"start":{"line":49,"column":4},"end":{"line":49,"column":31}},"26":{"start":{"line":50,"column":4},"end":{"line":50,"column":56}},"27":{"start":{"line":47,"column":2},"end":{"line":51,"column":3}},"28":{"start":{"line":54,"column":4},"end":{"line":58,"column":6}},"29":{"start":{"line":59,"column":4},"end":{"line":59,"column":20}},"30":{"start":{"line":53,"column":2},"end":{"line":60,"column":3}}},"fnMap":{"0":{"name":"startApp","decl":{"start":{"line":10,"column":0},"end":{"line":null,"column":-1}},"loc":{"start":{"line":10,"column":0},"end":{"line":19,"column":1}}},"1":{"name":"stopServer","decl":{"start":{"line":20,"column":0},"end":{"line":20,"column":26}},"loc":{"start":{"line":20,"column":46},"end":{"line":23,"column":1}}},"2":{"name":"setServerRoutes","decl":{"start":{"line":25,"column":0},"end":{"line":25,"column":31}},"loc":{"start":{"line":25,"column":49},"end":{"line":45,"column":3}}},"3":{"name":"(anonymous_3)","decl":{"start":{"line":26,"column":55},"end":{"line":26,"column":56}},"loc":{"start":{"line":26,"column":103},"end":{"line":44,"column":5}}},"4":{"name":"setGlobalSettings","decl":{"start":{"line":47,"column":2},"end":{"line":47,"column":35}},"loc":{"start":{"line":47,"column":53},"end":{"line":51,"column":3}}},"5":{"name":"onError","decl":{"start":{"line":53,"column":2},"end":{"line":53,"column":25}},"loc":{"start":{"line":53,"column":54},"end":{"line":60,"column":3}}}},"branchMap":{"0":{"loc":{"start":{"line":27,"column":6},"end":{"line":43,"column":7}},"type":"if","locations":[{"start":{"line":27,"column":6},"end":{"line":43,"column":7}},{"start":{"line":27,"column":6},"end":{"line":43,"column":7}}]},"1":{"loc":{"start":{"line":28,"column":8},"end":{"line":28,"column":45}},"type":"binary-expr","locations":[{"start":{"line":28,"column":8},"end":{"line":28,"column":45}},{"start":{"line":29,"column":8},"end":{"line":29,"column":39}}]}},"s":{"0":1,"1":1,"2":1,"3":1,"4":1,"5":1,"6":1,"7":1,"8":1,"9":1,"10":1,"11":1,"12":1,"13":1,"14":1,"15":1,"16":1,"17":1,"18":1,"19":3,"20":1,"21":2,"22":2,"23":1,"24":1,"25":1,"26":1,"27":1,"28":0,"29":0,"30":1},"f":{"0":1,"1":1,"2":1,"3":3,"4":1,"5":0},"b":{"0":[1,2],"1":[3,2]}}
,"/Users/it043155/workspace-agid/italia-pagopa-api-master/MockedProxyAPIData.ts": {"path":"/Users/it043155/workspace-agid/italia-pagopa-api-master/MockedProxyAPIData.ts","statementMap":{"0":{"start":{"line":8,"column":4},"end":{"line":22,"column":6}},"1":{"start":{"line":25,"column":4},"end":{"line":25,"column":35}},"2":{"start":{"line":29,"column":4},"end":{"line":29,"column":36}},"3":{"start":{"line":6,"column":0},"end":{"line":31,"column":1}}},"fnMap":{"0":{"name":"(anonymous_0)","decl":{"start":{"line":7,"column":9},"end":{"line":7,"column":58}},"loc":{"start":{"line":7,"column":59},"end":{"line":23,"column":3}}},"1":{"name":"(anonymous_1)","decl":{"start":{"line":24,"column":9},"end":{"line":24,"column":57}},"loc":{"start":{"line":24,"column":58},"end":{"line":26,"column":3}}},"2":{"name":"(anonymous_2)","decl":{"start":{"line":28,"column":9},"end":{"line":28,"column":54}},"loc":{"start":{"line":28,"column":55},"end":{"line":30,"column":3}}}},"branchMap":{},"s":{"0":0,"1":1,"2":2,"3":1},"f":{"0":0,"1":1,"2":2},"b":{}}
,"/Users/it043155/workspace-agid/italia-pagopa-api-master/api/NotificationAPI.ts": {"path":"/Users/it043155/workspace-agid/italia-pagopa-api-master/api/NotificationAPI.ts","statementMap":{"0":{"start":{"line":2,"column":0},"end":{"line":2,"column":41}},"1":{"start":{"line":3,"column":0},"end":{"line":3,"column":41}},"2":{"start":{"line":21,"column":6},"end":{"line":24,"column":50}},"3":{"start":{"line":33,"column":6},"end":{"line":33,"column":31}},"4":{"start":{"line":34,"column":6},"end":{"line":34,"column":33}},"5":{"start":{"line":37,"column":41},"end":{"line":43,"column":5}},"6":{"start":{"line":47,"column":37},"end":{"line":49,"column":5}},"7":{"start":{"line":51,"column":92},"end":{"line":57,"column":5}},"8":{"start":{"line":59,"column":4},"end":{"line":63,"column":14}},"9":{"start":{"line":60,"column":6},"end":{"line":62,"column":8}},"10":{"start":{"line":64,"column":4},"end":{"line":64,"column":26}},"11":{"start":{"line":15,"column":0},"end":{"line":66,"column":1}}},"fnMap":{"0":{"name":"(anonymous_6)","decl":{"start":{"line":17,"column":15},"end":{"line":17,"column":22}},"loc":{"start":{"line":18,"column":66},"end":{"line":65,"column":3}}},"1":{"name":"customReq","decl":{"start":{"line":29,"column":4},"end":{"line":30,"column":5}},"loc":{"start":{"line":31,"column":58},"end":{"line":35,"column":5}}}},"branchMap":{},"s":{"0":2,"1":2,"2":1,"3":1,"4":1,"5":1,"6":1,"7":1,"8":1,"9":1,"10":1,"11":2},"f":{"0":1,"1":1},"b":{}}
,"/Users/it043155/workspace-agid/italia-pagopa-api-master/api/utils/logger.ts": {"path":"/Users/it043155/workspace-agid/italia-pagopa-api-master/api/utils/logger.ts","statementMap":{"0":{"start":{"line":5,"column":0},"end":{"line":5,"column":34}},"1":{"start":{"line":7,"column":13},"end":{"line":10,"column":3}},"2":{"start":{"line":13,"column":2},"end":{"line":13,"column":44}},"3":{"start":{"line":12,"column":0},"end":{"line":14,"column":1}}},"fnMap":{"0":{"name":"disableConsoleLog","decl":{"start":{"line":12,"column":0},"end":{"line":null,"column":-1}},"loc":{"start":{"line":12,"column":0},"end":{"line":14,"column":1}}}},"branchMap":{},"s":{"0":1,"1":1,"2":1,"3":1},"f":{"0":1},"b":{}}
,"/Users/it043155/workspace-agid/italia-pagopa-api-master/lib/clients.ts": {"path":"/Users/it043155/workspace-agid/italia-pagopa-api-master/lib/clients.ts","statementMap":{"0":{"start":{"line":3,"column":0},"end":{"line":3,"column":47}},"1":{"start":{"line":4,"column":0},"end":{"line":4,"column":69}},"2":{"start":{"line":7,"column":0},"end":{"line":7,"column":106}},"3":{"start":{"line":12,"column":9},"end":{"line":12,"column":42}},"4":{"start":{"line":8,"column":0},"end":{"line":8,"column":94}},"5":{"start":{"line":13,"column":9},"end":{"line":13,"column":36}},"6":{"start":{"line":9,"column":0},"end":{"line":9,"column":114}},"7":{"start":{"line":14,"column":9},"end":{"line":14,"column":46}},"8":{"start":{"line":20,"column":2},"end":{"line":20,"column":135}},"9":{"start":{"line":19,"column":0},"end":{"line":21,"column":1}},"10":{"start":{"line":27,"column":2},"end":{"line":27,"column":123}},"11":{"start":{"line":26,"column":0},"end":{"line":28,"column":1}},"12":{"start":{"line":34,"column":2},"end":{"line":34,"column":143}},"13":{"start":{"line":33,"column":0},"end":{"line":35,"column":1}},"14":{"start":{"line":43,"column":31},"end":{"line":43,"column":85}},"15":{"start":{"line":45,"column":2},"end":{"line":45,"column":68}},"16":{"start":{"line":46,"column":2},"end":{"line":46,"column":64}},"17":{"start":{"line":47,"column":2},"end":{"line":47,"column":60}},"18":{"start":{"line":48,"column":2},"end":{"line":48,"column":84}},"19":{"start":{"line":49,"column":2},"end":{"line":49,"column":102}},"20":{"start":{"line":50,"column":2},"end":{"line":50,"column":98}},"21":{"start":{"line":51,"column":2},"end":{"line":51,"column":96}},"22":{"start":{"line":52,"column":2},"end":{"line":52,"column":84}},"23":{"start":{"line":53,"column":2},"end":{"line":53,"column":78}},"24":{"start":{"line":54,"column":2},"end":{"line":54,"column":86}},"25":{"start":{"line":41,"column":0},"end":{"line":56,"column":1}},"26":{"start":{"line":64,"column":31},"end":{"line":64,"column":79}},"27":{"start":{"line":66,"column":2},"end":{"line":66,"column":102}},"28":{"start":{"line":62,"column":0},"end":{"line":68,"column":1}},"29":{"start":{"line":76,"column":31},"end":{"line":76,"column":89}},"30":{"start":{"line":78,"column":2},"end":{"line":78,"column":98}},"31":{"start":{"line":74,"column":0},"end":{"line":80,"column":1}}},"fnMap":{"0":{"name":"createPagamentiTelematiciPspNodoClient","decl":{"start":{"line":19,"column":0},"end":{"line":19,"column":54}},"loc":{"start":{"line":19,"column":77},"end":{"line":21,"column":1}}},"1":{"name":"createIscrizioniAvvisaturaClient","decl":{"start":{"line":26,"column":0},"end":{"line":26,"column":48}},"loc":{"start":{"line":26,"column":71},"end":{"line":28,"column":1}}},"2":{"name":"createNodoChiediElencoAvvisiDigitaliClient","decl":{"start":{"line":33,"column":0},"end":{"line":33,"column":58}},"loc":{"start":{"line":33,"column":81},"end":{"line":35,"column":1}}},"3":{"name":"(anonymous_3)","decl":{"start":{"line":43,"column":2},"end":{"line":43,"column":30}},"loc":{"start":{"line":43,"column":85},"end":{"line":43,"column":89}}},"4":{"name":"(anonymous_4)","decl":{"start":{"line":64,"column":2},"end":{"line":64,"column":30}},"loc":{"start":{"line":64,"column":79},"end":{"line":64,"column":83}}},"5":{"name":"(anonymous_5)","decl":{"start":{"line":76,"column":2},"end":{"line":76,"column":30}},"loc":{"start":{"line":76,"column":89},"end":{"line":76,"column":93}}}},"branchMap":{},"s":{"0":2,"1":2,"2":2,"3":2,"4":2,"5":2,"6":2,"7":2,"8":0,"9":2,"10":2,"11":2,"12":0,"13":2,"14":0,"15":0,"16":0,"17":0,"18":0,"19":0,"20":0,"21":0,"22":0,"23":0,"24":0,"25":2,"26":2,"27":2,"28":2,"29":0,"30":0,"31":2},"f":{"0":0,"1":2,"2":0,"3":0,"4":2,"5":0},"b":{}}
,"/Users/it043155/workspace-agid/italia-pagopa-api-master/lib/utils.ts": {"path":"/Users/it043155/workspace-agid/italia-pagopa-api-master/lib/utils.ts","statementMap":{"0":{"start":{"line":1,"column":0},"end":{"line":1,"column":24}},"1":{"start":{"line":2,"column":0},"end":{"line":2,"column":28}},"2":{"start":{"line":9,"column":2},"end":{"line":17,"column":5}},"3":{"start":{"line":10,"column":4},"end":{"line":16,"column":7}},"4":{"start":{"line":11,"column":6},"end":{"line":15,"column":7}},"5":{"start":{"line":12,"column":8},"end":{"line":12,"column":20}},"6":{"start":{"line":14,"column":8},"end":{"line":14,"column":43}},"7":{"start":{"line":8,"column":0},"end":{"line":18,"column":1}},"8":{"start":{"line":30,"column":2},"end":{"line":37,"column":5}},"9":{"start":{"line":30,"column":23},"end":{"line":37,"column":4}},"10":{"start":{"line":31,"column":4},"end":{"line":36,"column":7}},"11":{"start":{"line":32,"column":6},"end":{"line":34,"column":7}},"12":{"start":{"line":33,"column":8},"end":{"line":33,"column":27}},"13":{"start":{"line":35,"column":6},"end":{"line":35,"column":22}},"14":{"start":{"line":29,"column":0},"end":{"line":38,"column":1}},"15":{"start":{"line":41,"column":2},"end":{"line":48,"column":5}},"16":{"start":{"line":42,"column":4},"end":{"line":47,"column":7}},"17":{"start":{"line":43,"column":6},"end":{"line":45,"column":7}},"18":{"start":{"line":44,"column":8},"end":{"line":44,"column":27}},"19":{"start":{"line":46,"column":6},"end":{"line":46,"column":20}},"20":{"start":{"line":40,"column":0},"end":{"line":49,"column":1}}},"fnMap":{"0":{"name":"createClient","decl":{"start":{"line":8,"column":0},"end":{"line":8,"column":31}},"loc":{"start":{"line":8,"column":71},"end":{"line":18,"column":1}}},"1":{"name":"(anonymous_7)","decl":{"start":{"line":9,"column":21},"end":{"line":9,"column":22}},"loc":{"start":{"line":9,"column":41},"end":{"line":17,"column":3}}},"2":{"name":"(anonymous_8)","decl":{"start":{"line":10,"column":40},"end":{"line":10,"column":41}},"loc":{"start":{"line":10,"column":56},"end":{"line":16,"column":5}}},"3":{"name":"promisifySoapMethod","decl":{"start":{"line":29,"column":0},"end":{"line":29,"column":41}},"loc":{"start":{"line":29,"column":63},"end":{"line":38,"column":1}}},"4":{"name":"(anonymous_10)","decl":{"start":{"line":30,"column":9},"end":{"line":30,"column":10}},"loc":{"start":{"line":30,"column":23},"end":{"line":37,"column":4}}},"5":{"name":"(anonymous_11)","decl":{"start":{"line":30,"column":35},"end":{"line":30,"column":36}},"loc":{"start":{"line":30,"column":55},"end":{"line":37,"column":3}}},"6":{"name":"(anonymous_12)","decl":{"start":{"line":31,"column":13},"end":{"line":31,"column":14}},"loc":{"start":{"line":31,"column":29},"end":{"line":36,"column":5}}},"7":{"name":"readWsdl","decl":{"start":{"line":40,"column":0},"end":{"line":40,"column":30}},"loc":{"start":{"line":40,"column":43},"end":{"line":49,"column":1}}},"8":{"name":"(anonymous_15)","decl":{"start":{"line":41,"column":29},"end":{"line":41,"column":30}},"loc":{"start":{"line":41,"column":49},"end":{"line":48,"column":3}}},"9":{"name":"(anonymous_16)","decl":{"start":{"line":42,"column":45},"end":{"line":42,"column":46}},"loc":{"start":{"line":42,"column":59},"end":{"line":47,"column":5}}}},"branchMap":{"0":{"loc":{"start":{"line":11,"column":6},"end":{"line":15,"column":7}},"type":"if","locations":[{"start":{"line":11,"column":6},"end":{"line":15,"column":7}},{"start":{"line":11,"column":6},"end":{"line":15,"column":7}}]},"1":{"loc":{"start":{"line":32,"column":6},"end":{"line":34,"column":7}},"type":"if","locations":[{"start":{"line":32,"column":6},"end":{"line":34,"column":7}},{"start":{"line":32,"column":6},"end":{"line":34,"column":7}}]},"2":{"loc":{"start":{"line":43,"column":6},"end":{"line":45,"column":7}},"type":"if","locations":[{"start":{"line":43,"column":6},"end":{"line":45,"column":7}},{"start":{"line":43,"column":6},"end":{"line":45,"column":7}}]}},"s":{"0":2,"1":2,"2":2,"3":2,"4":2,"5":0,"6":2,"7":2,"8":2,"9":2,"10":2,"11":2,"12":0,"13":2,"14":2,"15":0,"16":0,"17":0,"18":0,"19":0,"20":2},"f":{"0":2,"1":2,"2":2,"3":2,"4":2,"5":2,"6":2,"7":0,"8":0,"9":0},"b":{"0":[0,2],"1":[0,2],"2":[0,0]}}
,"/Users/it043155/workspace-agid/italia-pagopa-api-master/lib/wsdl-paths.ts": {"path":"/Users/it043155/workspace-agid/italia-pagopa-api-master/lib/wsdl-paths.ts","statementMap":{"0":{"start":{"line":4,"column":13},"end":{"line":4,"column":70}},"1":{"start":{"line":5,"column":13},"end":{"line":5,"column":97}},"2":{"start":{"line":8,"column":13},"end":{"line":8,"column":89}},"3":{"start":{"line":9,"column":13},"end":{"line":9,"column":109}},"4":{"start":{"line":10,"column":13},"end":{"line":10,"column":125}}},"fnMap":{},"branchMap":{},"s":{"0":2,"1":2,"2":2,"3":2,"4":2},"f":{},"b":{}}
}
