TN:
SF:/Users/it043155/workspace-agid/italia-pagopa-api-master/App.ts
FN:10,startApp
FN:20,stopServer
FN:25,setServerRoutes
FN:26,(anonymous_3)
FN:31,setGlobalSettings
FN:37,onError
FNF:6
FNH:4
FNDA:1,startApp
FNDA:1,stopServer
FNDA:1,setServerRoutes
FNDA:0,(anonymous_3)
FNDA:1,setGlobalSettings
FNDA:0,onError
DA:1,1
DA:2,1
DA:4,1
DA:5,1
DA:6,1
DA:7,1
DA:10,1
DA:11,1
DA:12,1
DA:13,1
DA:14,1
DA:15,1
DA:16,1
DA:17,1
DA:18,1
DA:20,1
DA:21,1
DA:22,1
DA:25,1
DA:26,1
DA:27,0
DA:31,1
DA:32,1
DA:33,1
DA:34,1
DA:37,1
DA:38,0
DA:43,0
LF:28
LH:25
BRF:0
BRH:0
end_of_record
TN:
SF:/Users/it043155/workspace-agid/italia-pagopa-api-master/Configuration.ts
FNF:0
FNH:0
DA:7,1
LF:1
LH:1
BRF:0
BRH:0
end_of_record
TN:
SF:/Users/it043155/workspace-agid/italia-pagopa-api-master/MockedProxyAPIApp.ts
FN:10,startApp
FN:20,stopServer
FN:25,setServerRoutes
FN:26,(anonymous_3)
FN:47,setGlobalSettings
FN:53,onError
FNF:6
FNH:5
FNDA:1,startApp
FNDA:1,stopServer
FNDA:1,setServerRoutes
FNDA:3,(anonymous_3)
FNDA:1,setGlobalSettings
FNDA:0,onError
DA:1,1
DA:2,1
DA:4,1
DA:5,1
DA:6,1
DA:7,1
DA:10,1
DA:11,1
DA:12,1
DA:13,1
DA:14,1
DA:15,1
DA:16,1
DA:17,1
DA:18,1
DA:20,1
DA:21,1
DA:22,1
DA:25,1
DA:26,1
DA:27,3
DA:31,1
DA:37,2
DA:38,2
DA:47,1
DA:48,1
DA:49,1
DA:50,1
DA:53,1
DA:54,0
DA:59,0
LF:31
LH:29
BRDA:27,0,0,1
BRDA:27,0,1,2
BRDA:28,1,0,3
BRDA:28,1,1,2
BRF:4
BRH:4
end_of_record
TN:
SF:/Users/it043155/workspace-agid/italia-pagopa-api-master/MockedProxyAPIData.ts
FN:7,(anonymous_0)
FN:24,(anonymous_1)
FN:28,(anonymous_2)
FNF:3
FNH:2
FNDA:0,(anonymous_0)
FNDA:1,(anonymous_1)
FNDA:2,(anonymous_2)
DA:6,1
DA:8,0
DA:25,1
DA:29,2
LF:4
LH:3
BRF:0
BRH:0
end_of_record
TN:
SF:/Users/it043155/workspace-agid/italia-pagopa-api-master/api/NotificationAPI.ts
FN:17,(anonymous_6)
FN:29,customReq
FNF:2
FNH:2
FNDA:1,(anonymous_6)
FNDA:1,customReq
DA:2,2
DA:3,2
DA:15,2
DA:21,1
DA:33,1
DA:34,1
DA:37,1
DA:47,1
DA:51,1
DA:59,1
DA:60,1
DA:64,1
LF:12
LH:12
BRF:0
BRH:0
end_of_record
TN:
SF:/Users/it043155/workspace-agid/italia-pagopa-api-master/api/utils/logger.ts
FN:12,disableConsoleLog
FNF:1
FNH:1
FNDA:1,disableConsoleLog
DA:5,1
DA:7,1
DA:12,1
DA:13,1
LF:4
LH:4
BRF:0
BRH:0
end_of_record
TN:
SF:/Users/it043155/workspace-agid/italia-pagopa-api-master/lib/clients.ts
FN:19,createPagamentiTelematiciPspNodoClient
FN:26,createIscrizioniAvvisaturaClient
FN:33,createNodoChiediElencoAvvisiDigitaliClient
FN:43,(anonymous_3)
FN:64,(anonymous_4)
FN:76,(anonymous_5)
FNF:6
FNH:2
FNDA:0,createPagamentiTelematiciPspNodoClient
FNDA:2,createIscrizioniAvvisaturaClient
FNDA:0,createNodoChiediElencoAvvisiDigitaliClient
FNDA:0,(anonymous_3)
FNDA:2,(anonymous_4)
FNDA:0,(anonymous_5)
DA:3,2
DA:4,2
DA:7,2
DA:8,2
DA:9,2
DA:12,2
DA:13,2
DA:14,2
DA:19,2
DA:20,0
DA:26,2
DA:27,2
DA:33,2
DA:34,0
DA:41,2
DA:43,0
DA:45,0
DA:46,0
DA:47,0
DA:48,0
DA:49,0
DA:50,0
DA:51,0
DA:52,0
DA:53,0
DA:54,0
DA:62,2
DA:64,2
DA:66,2
DA:74,2
DA:76,0
DA:78,0
LF:32
LH:17
BRF:0
BRH:0
end_of_record
TN:
SF:/Users/it043155/workspace-agid/italia-pagopa-api-master/lib/utils.ts
FN:8,createClient
FN:9,(anonymous_7)
FN:10,(anonymous_8)
FN:29,promisifySoapMethod
FN:30,(anonymous_10)
FN:30,(anonymous_11)
FN:31,(anonymous_12)
FN:40,readWsdl
FN:41,(anonymous_15)
FN:42,(anonymous_16)
FNF:10
FNH:7
FNDA:2,createClient
FNDA:2,(anonymous_7)
FNDA:2,(anonymous_8)
FNDA:2,promisifySoapMethod
FNDA:2,(anonymous_10)
FNDA:2,(anonymous_11)
FNDA:2,(anonymous_12)
FNDA:0,readWsdl
FNDA:0,(anonymous_15)
FNDA:0,(anonymous_16)
DA:1,2
DA:2,2
DA:8,2
DA:9,2
DA:10,2
DA:11,2
DA:12,0
DA:14,2
DA:29,2
DA:30,2
DA:31,2
DA:32,2
DA:33,0
DA:35,2
DA:40,2
DA:41,0
DA:42,0
DA:43,0
DA:44,0
DA:46,0
LF:20
LH:13
BRDA:11,0,0,0
BRDA:11,0,1,2
BRDA:32,1,0,0
BRDA:32,1,1,2
BRDA:43,2,0,0
BRDA:43,2,1,0
BRF:6
BRH:2
end_of_record
TN:
SF:/Users/it043155/workspace-agid/italia-pagopa-api-master/lib/wsdl-paths.ts
FNF:0
FNH:0
DA:4,2
DA:5,2
DA:8,2
DA:9,2
DA:10,2
LF:5
LH:5
BRF:0
BRH:0
end_of_record
